13-Jun-2019 09:21:33.680 INFO [main] org.apache.catalina.startup.VersionLoggerListener.log Server version name:   Apache Tomcat/9.0.20
13-Jun-2019 09:21:33.783 INFO [main] org.apache.catalina.startup.VersionLoggerListener.log Server built:          May 3 2019 22:26:00 UTC
13-Jun-2019 09:21:33.785 INFO [main] org.apache.catalina.startup.VersionLoggerListener.log Server version number: 9.0.20.0
13-Jun-2019 09:21:33.786 INFO [main] org.apache.catalina.startup.VersionLoggerListener.log OS Name:               Windows 10
13-Jun-2019 09:21:33.786 INFO [main] org.apache.catalina.startup.VersionLoggerListener.log OS Version:            10.0
13-Jun-2019 09:21:33.786 INFO [main] org.apache.catalina.startup.VersionLoggerListener.log Architecture:          amd64
13-Jun-2019 09:21:33.787 INFO [main] org.apache.catalina.startup.VersionLoggerListener.log Java Home:             C:\Program Files\Java\jre1.8.0_144
13-Jun-2019 09:21:33.787 INFO [main] org.apache.catalina.startup.VersionLoggerListener.log JVM Version:           1.8.0_144-b01
13-Jun-2019 09:21:33.788 INFO [main] org.apache.catalina.startup.VersionLoggerListener.log JVM Vendor:            Oracle Corporation
13-Jun-2019 09:21:33.788 INFO [main] org.apache.catalina.startup.VersionLoggerListener.log CATALINA_BASE:         C:\CI\apache-tomcat-9.0.20
13-Jun-2019 09:21:33.788 INFO [main] org.apache.catalina.startup.VersionLoggerListener.log CATALINA_HOME:         C:\CI\apache-tomcat-9.0.20
13-Jun-2019 09:21:33.808 INFO [main] org.apache.catalina.startup.VersionLoggerListener.log Command line argument: -Djava.util.logging.config.file=C:\CI\apache-tomcat-9.0.20\conf\logging.properties
13-Jun-2019 09:21:33.809 INFO [main] org.apache.catalina.startup.VersionLoggerListener.log Command line argument: -Djava.util.logging.manager=org.apache.juli.ClassLoaderLogManager
13-Jun-2019 09:21:33.810 INFO [main] org.apache.catalina.startup.VersionLoggerListener.log Command line argument: -Djdk.tls.ephemeralDHKeySize=2048
13-Jun-2019 09:21:33.810 INFO [main] org.apache.catalina.startup.VersionLoggerListener.log Command line argument: -Djava.protocol.handler.pkgs=org.apache.catalina.webresources
13-Jun-2019 09:21:33.811 INFO [main] org.apache.catalina.startup.VersionLoggerListener.log Command line argument: -Dignore.endorsed.dirs=
13-Jun-2019 09:21:33.811 INFO [main] org.apache.catalina.startup.VersionLoggerListener.log Command line argument: -Dcatalina.base=C:\CI\apache-tomcat-9.0.20
13-Jun-2019 09:21:33.813 INFO [main] org.apache.catalina.startup.VersionLoggerListener.log Command line argument: -Dcatalina.home=C:\CI\apache-tomcat-9.0.20
13-Jun-2019 09:21:33.813 INFO [main] org.apache.catalina.startup.VersionLoggerListener.log Command line argument: -Djava.io.tmpdir=C:\CI\apache-tomcat-9.0.20\temp
13-Jun-2019 09:21:33.814 INFO [main] org.apache.catalina.core.AprLifecycleListener.lifecycleEvent Loaded APR based Apache Tomcat Native library [1.2.21] using APR version [1.6.5].
13-Jun-2019 09:21:33.815 INFO [main] org.apache.catalina.core.AprLifecycleListener.lifecycleEvent APR capabilities: IPv6 [true], sendfile [true], accept filters [false], random [true].
13-Jun-2019 09:21:33.816 INFO [main] org.apache.catalina.core.AprLifecycleListener.lifecycleEvent APR/OpenSSL configuration: useAprConnector [false], useOpenSSL [true]
13-Jun-2019 09:21:33.823 INFO [main] org.apache.catalina.core.AprLifecycleListener.initializeSSL OpenSSL successfully initialized [OpenSSL 1.1.1a  20 Nov 2018]
13-Jun-2019 09:21:34.705 INFO [main] org.apache.coyote.AbstractProtocol.init Initializing ProtocolHandler ["http-nio-8080"]
13-Jun-2019 09:21:35.057 INFO [main] org.apache.coyote.AbstractProtocol.init Initializing ProtocolHandler ["ajp-nio-8009"]
13-Jun-2019 09:21:35.064 INFO [main] org.apache.catalina.startup.Catalina.load Server initialization in [1,733] milliseconds
13-Jun-2019 09:21:35.108 INFO [main] org.apache.catalina.core.StandardService.startInternal Starting service [Catalina]
13-Jun-2019 09:21:35.108 INFO [main] org.apache.catalina.core.StandardEngine.startInternal Starting Servlet engine: [Apache Tomcat/9.0.20]
13-Jun-2019 09:21:35.136 INFO [main] org.apache.catalina.startup.HostConfig.deployWAR Deploying web application archive [C:\CI\apache-tomcat-9.0.20\webapps\gerrit.war]
13-Jun-2019 09:21:45.246 INFO [main] org.apache.jasper.servlet.TldScanner.scanJars At least one JAR was scanned for TLDs yet contained no TLDs. Enable debug logging for this logger for a complete list of JARs that were scanned but no TLDs were found in them. Skipping unneeded JARs during scanning can improve startup time and JSP compilation time.
