31-May-2019 11:09:13.630 INFO [main] org.apache.catalina.startup.VersionLoggerListener.log Server version name:   Apache Tomcat/9.0.20
31-May-2019 11:09:13.636 INFO [main] org.apache.catalina.startup.VersionLoggerListener.log Server built:          May 3 2019 22:26:00 UTC
31-May-2019 11:09:13.639 INFO [main] org.apache.catalina.startup.VersionLoggerListener.log Server version number: 9.0.20.0
31-May-2019 11:09:13.639 INFO [main] org.apache.catalina.startup.VersionLoggerListener.log OS Name:               Windows 10
31-May-2019 11:09:13.640 INFO [main] org.apache.catalina.startup.VersionLoggerListener.log OS Version:            10.0
31-May-2019 11:09:13.640 INFO [main] org.apache.catalina.startup.VersionLoggerListener.log Architecture:          amd64
31-May-2019 11:09:13.640 INFO [main] org.apache.catalina.startup.VersionLoggerListener.log Java Home:             C:\Program Files\Java\jre1.8.0_144
31-May-2019 11:09:13.641 INFO [main] org.apache.catalina.startup.VersionLoggerListener.log JVM Version:           1.8.0_144-b01
31-May-2019 11:09:13.641 INFO [main] org.apache.catalina.startup.VersionLoggerListener.log JVM Vendor:            Oracle Corporation
31-May-2019 11:09:13.641 INFO [main] org.apache.catalina.startup.VersionLoggerListener.log CATALINA_BASE:         C:\CI\apache-tomcat-9.0.20
31-May-2019 11:09:13.641 INFO [main] org.apache.catalina.startup.VersionLoggerListener.log CATALINA_HOME:         C:\CI\apache-tomcat-9.0.20
31-May-2019 11:09:13.643 INFO [main] org.apache.catalina.startup.VersionLoggerListener.log Command line argument: -Djava.util.logging.config.file=C:\CI\apache-tomcat-9.0.20\conf\logging.properties
31-May-2019 11:09:13.644 INFO [main] org.apache.catalina.startup.VersionLoggerListener.log Command line argument: -Djava.util.logging.manager=org.apache.juli.ClassLoaderLogManager
31-May-2019 11:09:13.644 INFO [main] org.apache.catalina.startup.VersionLoggerListener.log Command line argument: -Djdk.tls.ephemeralDHKeySize=2048
31-May-2019 11:09:13.644 INFO [main] org.apache.catalina.startup.VersionLoggerListener.log Command line argument: -Djava.protocol.handler.pkgs=org.apache.catalina.webresources
31-May-2019 11:09:13.645 INFO [main] org.apache.catalina.startup.VersionLoggerListener.log Command line argument: -Dignore.endorsed.dirs=
31-May-2019 11:09:13.645 INFO [main] org.apache.catalina.startup.VersionLoggerListener.log Command line argument: -Dcatalina.base=C:\CI\apache-tomcat-9.0.20
31-May-2019 11:09:13.652 INFO [main] org.apache.catalina.startup.VersionLoggerListener.log Command line argument: -Dcatalina.home=C:\CI\apache-tomcat-9.0.20
31-May-2019 11:09:13.653 INFO [main] org.apache.catalina.startup.VersionLoggerListener.log Command line argument: -Djava.io.tmpdir=C:\CI\apache-tomcat-9.0.20\temp
31-May-2019 11:09:13.654 INFO [main] org.apache.catalina.core.AprLifecycleListener.lifecycleEvent Loaded APR based Apache Tomcat Native library [1.2.21] using APR version [1.6.5].
31-May-2019 11:09:13.654 INFO [main] org.apache.catalina.core.AprLifecycleListener.lifecycleEvent APR capabilities: IPv6 [true], sendfile [true], accept filters [false], random [true].
31-May-2019 11:09:13.655 INFO [main] org.apache.catalina.core.AprLifecycleListener.lifecycleEvent APR/OpenSSL configuration: useAprConnector [false], useOpenSSL [true]
31-May-2019 11:09:13.674 INFO [main] org.apache.catalina.core.AprLifecycleListener.initializeSSL OpenSSL successfully initialized [OpenSSL 1.1.1a  20 Nov 2018]
31-May-2019 11:09:14.410 INFO [main] org.apache.coyote.AbstractProtocol.init Initializing ProtocolHandler ["http-nio-8080"]
31-May-2019 11:09:14.864 INFO [main] org.apache.coyote.AbstractProtocol.init Initializing ProtocolHandler ["ajp-nio-8009"]
31-May-2019 11:09:14.878 INFO [main] org.apache.catalina.startup.Catalina.load Server initialization in [1,634] milliseconds
31-May-2019 11:09:14.929 INFO [main] org.apache.catalina.core.StandardService.startInternal Starting service [Catalina]
31-May-2019 11:09:14.929 INFO [main] org.apache.catalina.core.StandardEngine.startInternal Starting Servlet engine: [Apache Tomcat/9.0.20]
31-May-2019 11:09:14.962 INFO [main] org.apache.catalina.startup.HostConfig.deployWAR Deploying web application archive [C:\CI\apache-tomcat-9.0.20\webapps\gerrit.war]
31-May-2019 11:09:24.476 INFO [main] org.apache.jasper.servlet.TldScanner.scanJars At least one JAR was scanned for TLDs yet contained no TLDs. Enable debug logging for this logger for a complete list of JARs that were scanned but no TLDs were found in them. Skipping unneeded JARs during scanning can improve startup time and JSP compilation time.
