21-May-2019 10:24:29.219 INFO [main] org.apache.catalina.startup.VersionLoggerListener.log Server version name:   Apache Tomcat/9.0.20
21-May-2019 10:24:29.322 INFO [main] org.apache.catalina.startup.VersionLoggerListener.log Server built:          May 3 2019 22:26:00 UTC
21-May-2019 10:24:29.322 INFO [main] org.apache.catalina.startup.VersionLoggerListener.log Server version number: 9.0.20.0
21-May-2019 10:24:29.323 INFO [main] org.apache.catalina.startup.VersionLoggerListener.log OS Name:               Windows 10
21-May-2019 10:24:29.323 INFO [main] org.apache.catalina.startup.VersionLoggerListener.log OS Version:            10.0
21-May-2019 10:24:29.323 INFO [main] org.apache.catalina.startup.VersionLoggerListener.log Architecture:          amd64
21-May-2019 10:24:29.323 INFO [main] org.apache.catalina.startup.VersionLoggerListener.log Java Home:             C:\Program Files\Java\jre1.8.0_144
21-May-2019 10:24:29.324 INFO [main] org.apache.catalina.startup.VersionLoggerListener.log JVM Version:           1.8.0_144-b01
21-May-2019 10:24:29.324 INFO [main] org.apache.catalina.startup.VersionLoggerListener.log JVM Vendor:            Oracle Corporation
21-May-2019 10:24:29.324 INFO [main] org.apache.catalina.startup.VersionLoggerListener.log CATALINA_BASE:         C:\CI\apache-tomcat-9.0.20
21-May-2019 10:24:29.325 INFO [main] org.apache.catalina.startup.VersionLoggerListener.log CATALINA_HOME:         C:\CI\apache-tomcat-9.0.20
21-May-2019 10:24:29.342 INFO [main] org.apache.catalina.startup.VersionLoggerListener.log Command line argument: -Djava.util.logging.config.file=C:\CI\apache-tomcat-9.0.20\conf\logging.properties
21-May-2019 10:24:29.343 INFO [main] org.apache.catalina.startup.VersionLoggerListener.log Command line argument: -Djava.util.logging.manager=org.apache.juli.ClassLoaderLogManager
21-May-2019 10:24:29.343 INFO [main] org.apache.catalina.startup.VersionLoggerListener.log Command line argument: -Djdk.tls.ephemeralDHKeySize=2048
21-May-2019 10:24:29.344 INFO [main] org.apache.catalina.startup.VersionLoggerListener.log Command line argument: -Djava.protocol.handler.pkgs=org.apache.catalina.webresources
21-May-2019 10:24:29.344 INFO [main] org.apache.catalina.startup.VersionLoggerListener.log Command line argument: -Dignore.endorsed.dirs=
21-May-2019 10:24:29.344 INFO [main] org.apache.catalina.startup.VersionLoggerListener.log Command line argument: -Dcatalina.base=C:\CI\apache-tomcat-9.0.20
21-May-2019 10:24:29.350 INFO [main] org.apache.catalina.startup.VersionLoggerListener.log Command line argument: -Dcatalina.home=C:\CI\apache-tomcat-9.0.20
21-May-2019 10:24:29.351 INFO [main] org.apache.catalina.startup.VersionLoggerListener.log Command line argument: -Djava.io.tmpdir=C:\CI\apache-tomcat-9.0.20\temp
21-May-2019 10:24:29.352 INFO [main] org.apache.catalina.core.AprLifecycleListener.lifecycleEvent Loaded APR based Apache Tomcat Native library [1.2.21] using APR version [1.6.5].
21-May-2019 10:24:29.354 INFO [main] org.apache.catalina.core.AprLifecycleListener.lifecycleEvent APR capabilities: IPv6 [true], sendfile [true], accept filters [false], random [true].
21-May-2019 10:24:29.355 INFO [main] org.apache.catalina.core.AprLifecycleListener.lifecycleEvent APR/OpenSSL configuration: useAprConnector [false], useOpenSSL [true]
21-May-2019 10:24:29.378 INFO [main] org.apache.catalina.core.AprLifecycleListener.initializeSSL OpenSSL successfully initialized [OpenSSL 1.1.1a  20 Nov 2018]
21-May-2019 10:24:30.343 INFO [main] org.apache.coyote.AbstractProtocol.init Initializing ProtocolHandler ["http-nio-8080"]
21-May-2019 10:24:30.729 INFO [main] org.apache.coyote.AbstractProtocol.init Initializing ProtocolHandler ["ajp-nio-8009"]
21-May-2019 10:24:30.740 INFO [main] org.apache.catalina.startup.Catalina.load Server initialization in [1,884] milliseconds
21-May-2019 10:24:30.789 INFO [main] org.apache.catalina.core.StandardService.startInternal Starting service [Catalina]
21-May-2019 10:24:30.789 INFO [main] org.apache.catalina.core.StandardEngine.startInternal Starting Servlet engine: [Apache Tomcat/9.0.20]
21-May-2019 10:24:30.820 INFO [main] org.apache.catalina.startup.HostConfig.deployWAR Deploying web application archive [C:\CI\apache-tomcat-9.0.20\webapps\gerrit.war]
21-May-2019 10:24:41.616 INFO [main] org.apache.jasper.servlet.TldScanner.scanJars At least one JAR was scanned for TLDs yet contained no TLDs. Enable debug logging for this logger for a complete list of JARs that were scanned but no TLDs were found in them. Skipping unneeded JARs during scanning can improve startup time and JSP compilation time.
