22-May-2019 09:35:55.600 INFO [http-nio-8080-exec-3] org.apache.catalina.core.ApplicationContext.log HTMLManager: init: Associated with Deployer 'Catalina:type=Deployer,host=localhost'
22-May-2019 09:35:55.600 INFO [http-nio-8080-exec-3] org.apache.catalina.core.ApplicationContext.log HTMLManager: init: Global resources are available
22-May-2019 09:35:55.605 INFO [http-nio-8080-exec-3] org.apache.catalina.core.ApplicationContext.log HTMLManager: list: Listing contexts for virtual host 'localhost'
22-May-2019 09:36:00.181 INFO [http-nio-8080-exec-1] org.apache.catalina.core.ApplicationContext.log HTMLManager: stop: Stopping web application '/jenkins'
22-May-2019 09:36:01.440 INFO [http-nio-8080-exec-1] org.apache.catalina.core.ApplicationContext.log HTMLManager: list: Listing contexts for virtual host 'localhost'
22-May-2019 09:36:02.947 INFO [http-nio-8080-exec-5] org.apache.catalina.core.ApplicationContext.log HTMLManager: start: Starting web application '/jenkins'
22-May-2019 09:36:08.965 INFO [http-nio-8080-exec-5] org.apache.catalina.core.ApplicationContext.log HTMLManager: list: Listing contexts for virtual host 'localhost'
22-May-2019 10:54:20.822 INFO [http-nio-8080-exec-15] org.apache.catalina.core.ApplicationContext.log HTMLManager: list: Listing contexts for virtual host 'localhost'
22-May-2019 10:54:24.752 INFO [http-nio-8080-exec-12] org.apache.catalina.core.ApplicationContext.log HTMLManager: stop: Stopping web application '/jenkins'
22-May-2019 10:54:25.938 INFO [http-nio-8080-exec-12] org.apache.catalina.core.ApplicationContext.log HTMLManager: list: Listing contexts for virtual host 'localhost'
22-May-2019 10:54:27.365 INFO [http-nio-8080-exec-16] org.apache.catalina.core.ApplicationContext.log HTMLManager: start: Starting web application '/jenkins'
22-May-2019 10:54:34.010 INFO [http-nio-8080-exec-16] org.apache.catalina.core.ApplicationContext.log HTMLManager: list: Listing contexts for virtual host 'localhost'
22-May-2019 11:18:02.591 INFO [http-nio-8080-exec-39] org.apache.catalina.core.ApplicationContext.log HTMLManager: list: Listing contexts for virtual host 'localhost'
22-May-2019 11:18:08.514 INFO [http-nio-8080-exec-41] org.apache.catalina.core.ApplicationContext.log HTMLManager: stop: Stopping web application '/gitblit'
22-May-2019 11:18:08.736 INFO [http-nio-8080-exec-41] org.apache.catalina.core.ApplicationContext.log HTMLManager: list: Listing contexts for virtual host 'localhost'
22-May-2019 11:18:10.267 INFO [http-nio-8080-exec-43] org.apache.catalina.core.ApplicationContext.log HTMLManager: start: Starting web application '/gitblit'
22-May-2019 11:18:17.398 INFO [http-nio-8080-exec-43] org.apache.catalina.core.ApplicationContext.log HTMLManager: list: Listing contexts for virtual host 'localhost'
22-May-2019 11:44:41.408 INFO [http-nio-8080-exec-14] org.apache.catalina.core.ApplicationContext.log HTMLManager: init: Associated with Deployer 'Catalina:type=Deployer,host=localhost'
22-May-2019 11:44:41.409 INFO [http-nio-8080-exec-14] org.apache.catalina.core.ApplicationContext.log HTMLManager: init: Global resources are available
22-May-2019 11:44:41.416 INFO [http-nio-8080-exec-14] org.apache.catalina.core.ApplicationContext.log HTMLManager: list: Listing contexts for virtual host 'localhost'
22-May-2019 11:48:34.328 INFO [http-nio-8080-exec-31] org.apache.catalina.core.ApplicationContext.log HTMLManager: stop: Stopping web application '/gitblit'
22-May-2019 11:48:34.524 INFO [http-nio-8080-exec-31] org.apache.catalina.core.ApplicationContext.log HTMLManager: list: Listing contexts for virtual host 'localhost'
22-May-2019 11:48:46.067 INFO [http-nio-8080-exec-27] org.apache.catalina.core.ApplicationContext.log HTMLManager: start: Starting web application '/gerrit'
22-May-2019 11:48:51.700 INFO [http-nio-8080-exec-27] org.apache.catalina.core.ApplicationContext.log HTMLManager: list: Listing contexts for virtual host 'localhost'
22-May-2019 11:49:39.403 INFO [http-nio-8080-exec-35] org.apache.catalina.core.ApplicationContext.log HTMLManager: start: Starting web application '/gitblit'
22-May-2019 11:49:46.644 INFO [http-nio-8080-exec-35] org.apache.catalina.core.ApplicationContext.log HTMLManager: list: Listing contexts for virtual host 'localhost'
